Determining if the pthread_create exist failed with the following output:
Change Dir: /home/tulgaa/Desktop/ROS/azure_kinect_ws/build/CMakeFiles/CMakeTmp

Run Build Command:"/usr/bin/make" "cmTC_0f65c/fast"
/usr/bin/make -f CMakeFiles/cmTC_0f65c.dir/build.make CMakeFiles/cmTC_0f65c.dir/build
make[1]: Entering directory '/home/tulgaa/Desktop/ROS/azure_kinect_ws/build/CMakeFiles/CMakeTmp'
Building C object CMakeFiles/cmTC_0f65c.dir/CheckSymbolExists.c.o
/usr/bin/cc    -o CMakeFiles/cmTC_0f65c.dir/CheckSymbolExists.c.o   -c /home/tulgaa/Desktop/ROS/azure_kinect_ws/build/CMakeFiles/CMakeTmp/CheckSymbolExists.c
Linking C executable cmTC_0f65c
/usr/bin/cmake -E cmake_link_script CMakeFiles/cmTC_0f65c.dir/link.txt --verbose=1
/usr/bin/cc      -rdynamic CMakeFiles/cmTC_0f65c.dir/CheckSymbolExists.c.o  -o cmTC_0f65c 
CMakeFiles/cmTC_0f65c.dir/CheckSymbolExists.c.o: In function `main':
CheckSymbolExists.c:(.text+0x1b): undefined reference to `pthread_create'
collect2: error: ld returned 1 exit status
CMakeFiles/cmTC_0f65c.dir/build.make:97: recipe for target 'cmTC_0f65c' failed
make[1]: *** [cmTC_0f65c] Error 1
make[1]: Leaving directory '/home/tulgaa/Desktop/ROS/azure_kinect_ws/build/CMakeFiles/CMakeTmp'
Makefile:126: recipe for target 'cmTC_0f65c/fast' failed
make: *** [cmTC_0f65c/fast] Error 2

File /home/tulgaa/Desktop/ROS/azure_kinect_ws/build/CMakeFiles/CMakeTmp/CheckSymbolExists.c:
/* */
#include <pthread.h>

int main(int argc, char** argv)
{
  (void)argv;
#ifndef pthread_create
  return ((int*)(&pthread_create))[argc];
#else
  (void)argc;
  return 0;
#endif
}

Determining if the function pthread_create exists in the pthreads failed with the following output:
Change Dir: /home/tulgaa/Desktop/ROS/azure_kinect_ws/build/CMakeFiles/CMakeTmp

Run Build Command:"/usr/bin/make" "cmTC_87671/fast"
/usr/bin/make -f CMakeFiles/cmTC_87671.dir/build.make CMakeFiles/cmTC_87671.dir/build
make[1]: Entering directory '/home/tulgaa/Desktop/ROS/azure_kinect_ws/build/CMakeFiles/CMakeTmp'
Building C object CMakeFiles/cmTC_87671.dir/CheckFunctionExists.c.o
/usr/bin/cc   -DCHECK_FUNCTION_EXISTS=pthread_create   -o CMakeFiles/cmTC_87671.dir/CheckFunctionExists.c.o   -c /usr/share/cmake-3.10/Modules/CheckFunctionExists.c
Linking C executable cmTC_87671
/usr/bin/cmake -E cmake_link_script CMakeFiles/cmTC_87671.dir/link.txt --verbose=1
/usr/bin/cc  -DCHECK_FUNCTION_EXISTS=pthread_create    -rdynamic CMakeFiles/cmTC_87671.dir/CheckFunctionExists.c.o  -o cmTC_87671 -lpthreads 
/usr/bin/ld: cannot find -lpthreads
collect2: error: ld returned 1 exit status
CMakeFiles/cmTC_87671.dir/build.make:97: recipe for target 'cmTC_87671' failed
make[1]: *** [cmTC_87671] Error 1
make[1]: Leaving directory '/home/tulgaa/Desktop/ROS/azure_kinect_ws/build/CMakeFiles/CMakeTmp'
Makefile:126: recipe for target 'cmTC_87671/fast' failed
make: *** [cmTC_87671/fast] Error 2


