Determining if the pthread_create exist failed with the following output:
Change Dir: /home/tulgaa/Desktop/ROS/sim_ws/build/CMakeFiles/CMakeTmp

Run Build Command:"/usr/bin/make" "cmTC_c3886/fast"
/usr/bin/make -f CMakeFiles/cmTC_c3886.dir/build.make CMakeFiles/cmTC_c3886.dir/build
make[1]: Entering directory '/home/tulgaa/Desktop/ROS/sim_ws/build/CMakeFiles/CMakeTmp'
Building C object CMakeFiles/cmTC_c3886.dir/CheckSymbolExists.c.o
/usr/bin/cc    -o CMakeFiles/cmTC_c3886.dir/CheckSymbolExists.c.o   -c /home/tulgaa/Desktop/ROS/sim_ws/build/CMakeFiles/CMakeTmp/CheckSymbolExists.c
Linking C executable cmTC_c3886
/usr/bin/cmake -E cmake_link_script CMakeFiles/cmTC_c3886.dir/link.txt --verbose=1
/usr/bin/cc      -rdynamic CMakeFiles/cmTC_c3886.dir/CheckSymbolExists.c.o  -o cmTC_c3886 
CMakeFiles/cmTC_c3886.dir/CheckSymbolExists.c.o: In function `main':
CheckSymbolExists.c:(.text+0x1b): undefined reference to `pthread_create'
collect2: error: ld returned 1 exit status
CMakeFiles/cmTC_c3886.dir/build.make:97: recipe for target 'cmTC_c3886' failed
make[1]: *** [cmTC_c3886] Error 1
make[1]: Leaving directory '/home/tulgaa/Desktop/ROS/sim_ws/build/CMakeFiles/CMakeTmp'
Makefile:126: recipe for target 'cmTC_c3886/fast' failed
make: *** [cmTC_c3886/fast] Error 2

File /home/tulgaa/Desktop/ROS/sim_ws/build/CMakeFiles/CMakeTmp/CheckSymbolExists.c:
/* */
#include <pthread.h>

int main(int argc, char** argv)
{
  (void)argv;
#ifndef pthread_create
  return ((int*)(&pthread_create))[argc];
#else
  (void)argc;
  return 0;
#endif
}

Determining if the function pthread_create exists in the pthreads failed with the following output:
Change Dir: /home/tulgaa/Desktop/ROS/sim_ws/build/CMakeFiles/CMakeTmp

Run Build Command:"/usr/bin/make" "cmTC_71174/fast"
/usr/bin/make -f CMakeFiles/cmTC_71174.dir/build.make CMakeFiles/cmTC_71174.dir/build
make[1]: Entering directory '/home/tulgaa/Desktop/ROS/sim_ws/build/CMakeFiles/CMakeTmp'
Building C object CMakeFiles/cmTC_71174.dir/CheckFunctionExists.c.o
/usr/bin/cc   -DCHECK_FUNCTION_EXISTS=pthread_create   -o CMakeFiles/cmTC_71174.dir/CheckFunctionExists.c.o   -c /usr/share/cmake-3.10/Modules/CheckFunctionExists.c
Linking C executable cmTC_71174
/usr/bin/cmake -E cmake_link_script CMakeFiles/cmTC_71174.dir/link.txt --verbose=1
/usr/bin/cc  -DCHECK_FUNCTION_EXISTS=pthread_create    -rdynamic CMakeFiles/cmTC_71174.dir/CheckFunctionExists.c.o  -o cmTC_71174 -lpthreads 
/usr/bin/ld: cannot find -lpthreads
collect2: error: ld returned 1 exit status
CMakeFiles/cmTC_71174.dir/build.make:97: recipe for target 'cmTC_71174' failed
make[1]: *** [cmTC_71174] Error 1
make[1]: Leaving directory '/home/tulgaa/Desktop/ROS/sim_ws/build/CMakeFiles/CMakeTmp'
Makefile:126: recipe for target 'cmTC_71174/fast' failed
make: *** [cmTC_71174/fast] Error 2


